Arguments: 
  /usr/local/bin/node /usr/local/bin/yarn install

PATH: 
  /opt/anaconda3/bin:/opt/anaconda3/condabin:/usr/local/safe-rm/bin:/usr/local/sbin:/usr/local/bin:/usr/sbin:/usr/bin:/root/bin

Yarn version: 
  1.22.4

Node version: 
  13.12.0

Platform: 
  linux x64

Trace: 
  Error: Client network socket disconnected before secure TLS connection was established
      at connResetException (internal/errors.js:613:14)
      at TLSSocket.onConnectEnd (_tls_wrap.js:1532:19)
      at Object.onceWrapper (events.js:421:28)
      at TLSSocket.emit (events.js:327:22)
      at endReadableNT (_stream_readable.js:1201:12)
      at processTicksAndRejections (internal/process/task_queues.js:84:21)

npm manifest: 
  {
    "name": "next-ts",
    "version": "1.0.0",
    "main": "index.js",
    "license": "MIT",
    "scripts": {
      "next": "next",
      "dev": "cross-env NODE_ENV=development node server.js",
      "build": "cross-env NODE_ENV=development next build",
      "build:test": "cross-env NODE_ENV=test next build",
      "build:prod": "cross-env NODE_ENV=production next build",
      "start:test": "cross-env NODE_ENV=test node server.js",
      "start:prod": "cross-env NODE_ENV=production node server.js",
      "export": "next build && next export"
    },
    "dependencies": {
      "@squadette/hammerjs": "^2.1.0-pre3",
      "@types/facebook-js-sdk": "^3.3.0",
      "@types/node": "^13.9.3",
      "@types/node-fetch": "^2.5.5",
      "@types/react": "^16.9.25",
      "@types/react-dom": "^16.9.6",
      "@types/swiper": "^5.2.1",
      "@zeit/next-sass": "^1.0.1",
      "antd-mobile": "^2.3.1",
      "better-scroll": "^1.15.2",
      "cross-env": "^7.0.2",
      "css-loader": "^3.4.2",
      "fecha": "^4.2.0",
      "koa": "^2.11.0",
      "koa-router": "^8.0.8",
      "mini-css-extract-plugin": "^0.9.0",
      "mobx": "^5.15.4",
      "mobx-react": "^6.1.8",
      "mousetrap": "^1.6.5",
      "net": "^1.0.2",
      "next": "file:./next",
      "next-fonts": "1.0.3",
      "next-images": "1.3.1",
      "node-fetch": "^2.6.0",
      "node-sass": "^4.14.0",
      "normalize.css": "^8.0.1",
      "optimize-css-assets-webpack-plugin": "^5.0.3",
      "react": "^16.13.1",
      "react-dom": "^16.13.1",
      "react-sticky": "^6.0.3",
      "react-zmage": "^0.8.5-beta.36",
      "rxjs": "^6.5.5",
      "socks5-http-client": "^1.0.4",
      "socks5-https-client": "^1.2.1",
      "sweetalert2": "^9.10.6",
      "swiper": "^5.3.6",
      "tls": "^0.0.1",
      "typescript": "^3.8.3",
      "webpack-filter-warnings-plugin": "^1.2.1"
    },
    "devDependencies": {
      "@babel/plugin-proposal-class-properties": "^7.8.3",
      "@babel/plugin-proposal-decorators": "^7.8.3",
      "babel-plugin-transform-async-to-promises": "^0.8.15"
    }
  }

yarn manifest: 
  No manifest

Lockfile: 
  No lockfile
